Determining size of off64_t failed with the following output:
Change Dir: C:/Users/evan/src/madstyle/xclass/3rdParty/assimp/build/CMakeFiles/CMakeTmp

Run Build Command:"C:/Program Files (x86)/MSBuild/12.0/bin/MSBuild.exe" "cmTC_be53a.vcxproj" "/p:Configuration=Debug" "/p:Platform=x64" "/p:VisualStudioVersion=12.0"
Microsoft (R) Build Engine version 12.0.31101.0
[Microsoft .NET Framework, version 4.0.30319.42000]
Copyright (C) Microsoft Corporation. All rights reserved.

Build started 12/1/2019 10:21:26 AM.
Project "C:\Users\evan\src\madstyle\xclass\3rdParty\assimp\build\CMakeFiles\CMakeTmp\cmTC_be53a.vcxproj" on node 1 (default targets).
PrepareForBuild:
  Creating directory "cmTC_be53a.dir\Debug\".
  Creating directory "C:\Users\evan\src\madstyle\xclass\3rdParty\assimp\build\CMakeFiles\CMakeTmp\Debug\".
  Creating directory "cmTC_be53a.dir\Debug\cmTC_be53a.tlog\".
InitializeBuildStatus:
  Creating "cmTC_be53a.dir\Debug\cmTC_be53a.tlog\unsuccessfulbuild" because "AlwaysCreate" was specified.
ClCompile:
  C:\Program Files (x86)\Microsoft Visual Studio 12.0\VC\bin\x86_amd64\CL.exe /c /Zi /W3 /WX- /Od /Ob0 /D WIN32 /D _WINDOWS /D _LARGEFILE64_SOURCE=1 /D HAVE_SYS_TYPES_H /D HAVE_STDINT_H /D HAVE_STDDEF_H /D "CMAKE_INTDIR=\"Debug\"" /D _MBCS /Gm- /RTC1 /MDd /GS /fp:precise /Zc:wchar_t /Zc:forScope /Fo"cmTC_be53a.dir\Debug\\" /Fd"cmTC_be53a.dir\Debug\vc120.pdb" /Gd /TC /errorReport:queue C:\Users\evan\src\madstyle\xclass\3rdParty\assimp\build\CMakeFiles\CheckTypeSize\OFF64_T.c
  Microsoft (R) C/C++ Optimizing Compiler Version 18.00.31101 for x64
  Copyright (C) Microsoft Corporation.  All rights reserved.
  
  cl /c /Zi /W3 /WX- /Od /Ob0 /D WIN32 /D _WINDOWS /D _LARGEFILE64_SOURCE=1 /D HAVE_SYS_TYPES_H /D HAVE_STDINT_H /D HAVE_STDDEF_H /D "CMAKE_INTDIR=\"Debug\"" /D _MBCS /Gm- /RTC1 /MDd /GS /fp:precise /Zc:wchar_t /Zc:forScope /Fo"cmTC_be53a.dir\Debug\\" /Fd"cmTC_be53a.dir\Debug\vc120.pdb" /Gd /TC /errorReport:queue C:\Users\evan\src\madstyle\xclass\3rdParty\assimp\build\CMakeFiles\CheckTypeSize\OFF64_T.c
  
  OFF64_T.c
C:\Users\evan\src\madstyle\xclass\3rdParty\assimp\build\CMakeFiles\CheckTypeSize\OFF64_T.c(25): error C2065: 'off64_t' : undeclared identifier [C:\Users\evan\src\madstyle\xclass\3rdParty\assimp\build\CMakeFiles\CMakeTmp\cmTC_be53a.vcxproj]
C:\Users\evan\src\madstyle\xclass\3rdParty\assimp\build\CMakeFiles\CheckTypeSize\OFF64_T.c(26): error C2065: 'off64_t' : undeclared identifier [C:\Users\evan\src\madstyle\xclass\3rdParty\assimp\build\CMakeFiles\CMakeTmp\cmTC_be53a.vcxproj]
C:\Users\evan\src\madstyle\xclass\3rdParty\assimp\build\CMakeFiles\CheckTypeSize\OFF64_T.c(27): error C2065: 'off64_t' : undeclared identifier [C:\Users\evan\src\madstyle\xclass\3rdParty\assimp\build\CMakeFiles\CMakeTmp\cmTC_be53a.vcxproj]
C:\Users\evan\src\madstyle\xclass\3rdParty\assimp\build\CMakeFiles\CheckTypeSize\OFF64_T.c(28): error C2065: 'off64_t' : undeclared identifier [C:\Users\evan\src\madstyle\xclass\3rdParty\assimp\build\CMakeFiles\CMakeTmp\cmTC_be53a.vcxproj]
C:\Users\evan\src\madstyle\xclass\3rdParty\assimp\build\CMakeFiles\CheckTypeSize\OFF64_T.c(29): error C2065: 'off64_t' : undeclared identifier [C:\Users\evan\src\madstyle\xclass\3rdParty\assimp\build\CMakeFiles\CMakeTmp\cmTC_be53a.vcxproj]
Done Building Project "C:\Users\evan\src\madstyle\xclass\3rdParty\assimp\build\CMakeFiles\CMakeTmp\cmTC_be53a.vcxproj" (default targets) -- FAILED.

Build FAILED.

"C:\Users\evan\src\madstyle\xclass\3rdParty\assimp\build\CMakeFiles\CMakeTmp\cmTC_be53a.vcxproj" (default target) (1) ->
(ClCompile target) -> 
  C:\Users\evan\src\madstyle\xclass\3rdParty\assimp\build\CMakeFiles\CheckTypeSize\OFF64_T.c(25): error C2065: 'off64_t' : undeclared identifier [C:\Users\evan\src\madstyle\xclass\3rdParty\assimp\build\CMakeFiles\CMakeTmp\cmTC_be53a.vcxproj]
  C:\Users\evan\src\madstyle\xclass\3rdParty\assimp\build\CMakeFiles\CheckTypeSize\OFF64_T.c(26): error C2065: 'off64_t' : undeclared identifier [C:\Users\evan\src\madstyle\xclass\3rdParty\assimp\build\CMakeFiles\CMakeTmp\cmTC_be53a.vcxproj]
  C:\Users\evan\src\madstyle\xclass\3rdParty\assimp\build\CMakeFiles\CheckTypeSize\OFF64_T.c(27): error C2065: 'off64_t' : undeclared identifier [C:\Users\evan\src\madstyle\xclass\3rdParty\assimp\build\CMakeFiles\CMakeTmp\cmTC_be53a.vcxproj]
  C:\Users\evan\src\madstyle\xclass\3rdParty\assimp\build\CMakeFiles\CheckTypeSize\OFF64_T.c(28): error C2065: 'off64_t' : undeclared identifier [C:\Users\evan\src\madstyle\xclass\3rdParty\assimp\build\CMakeFiles\CMakeTmp\cmTC_be53a.vcxproj]
  C:\Users\evan\src\madstyle\xclass\3rdParty\assimp\build\CMakeFiles\CheckTypeSize\OFF64_T.c(29): error C2065: 'off64_t' : undeclared identifier [C:\Users\evan\src\madstyle\xclass\3rdParty\assimp\build\CMakeFiles\CMakeTmp\cmTC_be53a.vcxproj]

    0 Warning(s)
    5 Error(s)

Time Elapsed 00:00:00.17

C:/Users/evan/src/madstyle/xclass/3rdParty/assimp/build/CMakeFiles/CheckTypeSize/OFF64_T.c:
#include <sys/types.h>
#include <stdint.h>
#include <stddef.h>


#undef KEY
#if defined(__i386)
# define KEY '_','_','i','3','8','6'
#elif defined(__x86_64)
# define KEY '_','_','x','8','6','_','6','4'
#elif defined(__ppc__)
# define KEY '_','_','p','p','c','_','_'
#elif defined(__ppc64__)
# define KEY '_','_','p','p','c','6','4','_','_'
#elif defined(__aarch64__)
# define KEY '_','_','a','a','r','c','h','6','4','_','_'
#elif defined(__ARM_ARCH_7A__)
# define KEY '_','_','A','R','M','_','A','R','C','H','_','7','A','_','_'
#elif defined(__ARM_ARCH_7S__)
# define KEY '_','_','A','R','M','_','A','R','C','H','_','7','S','_','_'
#endif

#define SIZE (sizeof(off64_t))
char info_size[] =  {'I', 'N', 'F', 'O', ':', 's','i','z','e','[',
  ('0' + ((SIZE / 10000)%10)),
  ('0' + ((SIZE / 1000)%10)),
  ('0' + ((SIZE / 100)%10)),
  ('0' + ((SIZE / 10)%10)),
  ('0' +  (SIZE    % 10)),
  ']',
#ifdef KEY
  ' ','k','e','y','[', KEY, ']',
#endif
  '\0'};

#ifdef __CLASSIC_C__
int main(argc, argv) int argc; char *argv[];
#else
int main(int argc, char *argv[])
#endif
{
  int require = 0;
  require += info_size[argc];
  (void)argv;
  return require;
}


Determining if the function fseeko exists failed with the following output:
Change Dir: C:/Users/evan/src/madstyle/xclass/3rdParty/assimp/build/CMakeFiles/CMakeTmp

Run Build Command:"C:/Program Files (x86)/MSBuild/12.0/bin/MSBuild.exe" "cmTC_927fb.vcxproj" "/p:Configuration=Debug" "/p:Platform=x64" "/p:VisualStudioVersion=12.0"
Microsoft (R) Build Engine version 12.0.31101.0
[Microsoft .NET Framework, version 4.0.30319.42000]
Copyright (C) Microsoft Corporation. All rights reserved.

Build started 12/1/2019 10:21:27 AM.
Project "C:\Users\evan\src\madstyle\xclass\3rdParty\assimp\build\CMakeFiles\CMakeTmp\cmTC_927fb.vcxproj" on node 1 (default targets).
PrepareForBuild:
  Creating directory "cmTC_927fb.dir\Debug\".
  Creating directory "C:\Users\evan\src\madstyle\xclass\3rdParty\assimp\build\CMakeFiles\CMakeTmp\Debug\".
  Creating directory "cmTC_927fb.dir\Debug\cmTC_927fb.tlog\".
InitializeBuildStatus:
  Creating "cmTC_927fb.dir\Debug\cmTC_927fb.tlog\unsuccessfulbuild" because "AlwaysCreate" was specified.
ClCompile:
  C:\Program Files (x86)\Microsoft Visual Studio 12.0\VC\bin\x86_amd64\CL.exe /c /Zi /W3 /WX- /Od /Ob0 /D WIN32 /D _WINDOWS /D CHECK_FUNCTION_EXISTS=fseeko /D "CMAKE_INTDIR=\"Debug\"" /D _MBCS /Gm- /RTC1 /MDd /GS /fp:precise /Zc:wchar_t /Zc:forScope /Fo"cmTC_927fb.dir\Debug\\" /Fd"cmTC_927fb.dir\Debug\vc120.pdb" /Gd /TC /errorReport:queue "C:\CMake\share\cmake-3.13\Modules\CheckFunctionExists.c"
  Microsoft (R) C/C++ Optimizing Compiler Version 18.00.31101 for x64
  Copyright (C) Microsoft Corporation.  All rights reserved.
  
  cl /c /Zi /W3 /WX- /Od /Ob0 /D WIN32 /D _WINDOWS /D CHECK_FUNCTION_EXISTS=fseeko /D "CMAKE_INTDIR=\"Debug\"" /D _MBCS /Gm- /RTC1 /MDd /GS /fp:precise /Zc:wchar_t /Zc:forScope /Fo"cmTC_927fb.dir\Debug\\" /Fd"cmTC_927fb.dir\Debug\vc120.pdb" /Gd /TC /errorReport:queue "C:\CMake\share\cmake-3.13\Modules\CheckFunctionExists.c"
  
  CheckFunctionExists.c
Link:
  C:\Program Files (x86)\Microsoft Visual Studio 12.0\VC\bin\x86_amd64\link.exe /ERRORREPORT:QUEUE /OUT:"C:\Users\evan\src\madstyle\xclass\3rdParty\assimp\build\CMakeFiles\CMakeTmp\Debug\cmTC_927fb.exe" /INCREMENTAL /NOLOGO kernel32.lib user32.lib gdi32.lib winspool.lib shell32.lib ole32.lib oleaut32.lib uuid.lib comdlg32.lib advapi32.lib /MANIFEST /MANIFESTUAC:"level='asInvoker' uiAccess='false'" /manifest:embed /DEBUG /PDB:"C:/Users/evan/src/madstyle/xclass/3rdParty/assimp/build/CMakeFiles/CMakeTmp/Debug/cmTC_927fb.pdb" /SUBSYSTEM:CONSOLE /TLBID:1 /DYNAMICBASE /NXCOMPAT /IMPLIB:"C:/Users/evan/src/madstyle/xclass/3rdParty/assimp/build/CMakeFiles/CMakeTmp/Debug/cmTC_927fb.lib" /MACHINE:X64  /machine:x64 cmTC_927fb.dir\Debug\CheckFunctionExists.obj
CheckFunctionExists.obj : error LNK2019: unresolved external symbol fseeko referenced in function main [C:\Users\evan\src\madstyle\xclass\3rdParty\assimp\build\CMakeFiles\CMakeTmp\cmTC_927fb.vcxproj]
C:\Users\evan\src\madstyle\xclass\3rdParty\assimp\build\CMakeFiles\CMakeTmp\Debug\cmTC_927fb.exe : fatal error LNK1120: 1 unresolved externals [C:\Users\evan\src\madstyle\xclass\3rdParty\assimp\build\CMakeFiles\CMakeTmp\cmTC_927fb.vcxproj]
Done Building Project "C:\Users\evan\src\madstyle\xclass\3rdParty\assimp\build\CMakeFiles\CMakeTmp\cmTC_927fb.vcxproj" (default targets) -- FAILED.

Build FAILED.

"C:\Users\evan\src\madstyle\xclass\3rdParty\assimp\build\CMakeFiles\CMakeTmp\cmTC_927fb.vcxproj" (default target) (1) ->
(Link target) -> 
  CheckFunctionExists.obj : error LNK2019: unresolved external symbol fseeko referenced in function main [C:\Users\evan\src\madstyle\xclass\3rdParty\assimp\build\CMakeFiles\CMakeTmp\cmTC_927fb.vcxproj]
  C:\Users\evan\src\madstyle\xclass\3rdParty\assimp\build\CMakeFiles\CMakeTmp\Debug\cmTC_927fb.exe : fatal error LNK1120: 1 unresolved externals [C:\Users\evan\src\madstyle\xclass\3rdParty\assimp\build\CMakeFiles\CMakeTmp\cmTC_927fb.vcxproj]

    0 Warning(s)
    2 Error(s)

Time Elapsed 00:00:00.23


Determining if the include file unistd.h exists failed with the following output:
Change Dir: C:/Users/evan/src/madstyle/xclass/3rdParty/assimp/build/CMakeFiles/CMakeTmp

Run Build Command:"C:/Program Files (x86)/MSBuild/12.0/bin/MSBuild.exe" "cmTC_416bf.vcxproj" "/p:Configuration=Debug" "/p:Platform=x64" "/p:VisualStudioVersion=12.0"
Microsoft (R) Build Engine version 12.0.31101.0
[Microsoft .NET Framework, version 4.0.30319.42000]
Copyright (C) Microsoft Corporation. All rights reserved.

Build started 12/1/2019 10:21:27 AM.
Project "C:\Users\evan\src\madstyle\xclass\3rdParty\assimp\build\CMakeFiles\CMakeTmp\cmTC_416bf.vcxproj" on node 1 (default targets).
PrepareForBuild:
  Creating directory "cmTC_416bf.dir\Debug\".
  Creating directory "C:\Users\evan\src\madstyle\xclass\3rdParty\assimp\build\CMakeFiles\CMakeTmp\Debug\".
  Creating directory "cmTC_416bf.dir\Debug\cmTC_416bf.tlog\".
InitializeBuildStatus:
  Creating "cmTC_416bf.dir\Debug\cmTC_416bf.tlog\unsuccessfulbuild" because "AlwaysCreate" was specified.
ClCompile:
  C:\Program Files (x86)\Microsoft Visual Studio 12.0\VC\bin\x86_amd64\CL.exe /c /Zi /W3 /WX- /Od /Ob0 /D WIN32 /D _WINDOWS /D "CMAKE_INTDIR=\"Debug\"" /D _MBCS /Gm- /RTC1 /MDd /GS /fp:precise /Zc:wchar_t /Zc:forScope /Fo"cmTC_416bf.dir\Debug\\" /Fd"cmTC_416bf.dir\Debug\vc120.pdb" /Gd /TC /errorReport:queue C:\Users\evan\src\madstyle\xclass\3rdParty\assimp\build\CMakeFiles\CMakeTmp\CheckIncludeFile.c
  Microsoft (R) C/C++ Optimizing Compiler Version 18.00.31101 for x64
  Copyright (C) Microsoft Corporation.  All rights reserved.
  
  cl /c /Zi /W3 /WX- /Od /Ob0 /D WIN32 /D _WINDOWS /D "CMAKE_INTDIR=\"Debug\"" /D _MBCS /Gm- /RTC1 /MDd /GS /fp:precise /Zc:wchar_t /Zc:forScope /Fo"cmTC_416bf.dir\Debug\\" /Fd"cmTC_416bf.dir\Debug\vc120.pdb" /Gd /TC /errorReport:queue C:\Users\evan\src\madstyle\xclass\3rdParty\assimp\build\CMakeFiles\CMakeTmp\CheckIncludeFile.c
  
  CheckIncludeFile.c
C:\Users\evan\src\madstyle\xclass\3rdParty\assimp\build\CMakeFiles\CMakeTmp\CheckIncludeFile.c(1): fatal error C1083: Cannot open include file: 'unistd.h': No such file or directory [C:\Users\evan\src\madstyle\xclass\3rdParty\assimp\build\CMakeFiles\CMakeTmp\cmTC_416bf.vcxproj]
Done Building Project "C:\Users\evan\src\madstyle\xclass\3rdParty\assimp\build\CMakeFiles\CMakeTmp\cmTC_416bf.vcxproj" (default targets) -- FAILED.

Build FAILED.

"C:\Users\evan\src\madstyle\xclass\3rdParty\assimp\build\CMakeFiles\CMakeTmp\cmTC_416bf.vcxproj" (default target) (1) ->
(ClCompile target) -> 
  C:\Users\evan\src\madstyle\xclass\3rdParty\assimp\build\CMakeFiles\CMakeTmp\CheckIncludeFile.c(1): fatal error C1083: Cannot open include file: 'unistd.h': No such file or directory [C:\Users\evan\src\madstyle\xclass\3rdParty\assimp\build\CMakeFiles\CMakeTmp\cmTC_416bf.vcxproj]

    0 Warning(s)
    1 Error(s)

Time Elapsed 00:00:00.18


